<?xml version="1.0" encoding="UTF-8"?>
<!-- Generated by org.testng.reporters.JUnitReportReporter -->
<testsuite skipped="0" hostname="W43282" name="com.amazon.qa.testcases.LoginPageTest" tests="2" failures="0" timestamp="19 Jun 2018 08:38:17 GMT" time="36.110" errors="0">
  <testcase name="testLoginPageTitle" time="13.804" classname="com.amazon.qa.testcases.LoginPageTest"/>
  <testcase name="testLogin" time="22.306" classname="com.amazon.qa.testcases.LoginPageTest"/>
</testsuite> <!-- com.amazon.qa.testcases.LoginPageTest -->
